[0m19:13:16.817826 [debug] [MainThread]: Sending event: {'category': 'dbt', 'action': 'invocation', 'label': 'start', 'context': [<snowplow_tracker.self_describing_json.SelfDescribingJson object at 0x000001723C849790>, <snowplow_tracker.self_describing_json.SelfDescribingJson object at 0x000001723F24C7A0>, <snowplow_tracker.self_describing_json.SelfDescribingJson object at 0x000001723F24C830>]}


============================== 19:13:16.824795 | f95027d2-fab5-43d3-9e5e-57e77592235a ==============================
[0m19:13:16.824795 [info ] [MainThread]: Running with dbt=1.8.7
[0m19:13:16.825791 [debug] [MainThread]: running dbt with arguments {'printer_width': '80', 'indirect_selection': 'eager', 'log_cache_events': 'False', 'write_json': 'True', 'partial_parse': 'True', 'cache_selected_only': 'False', 'profiles_dir': 'C:\\Users\\prateek_saini\\.dbt', 'version_check': 'True', 'debug': 'False', 'log_path': 'C:\\Users\\prateek_saini\\dbt_project\\jaffle_shop\\logs', 'fail_fast': 'False', 'warn_error': 'None', 'use_colors': 'True', 'use_experimental_parser': 'False', 'no_print': 'None', 'quiet': 'False', 'empty': 'False', 'log_format': 'default', 'static_parser': 'True', 'warn_error_options': 'WarnErrorOptions(include=[], exclude=[])', 'invocation_command': 'dbt build -s sf_completed_orders', 'target_path': 'None', 'introspect': 'True', 'send_anonymous_usage_stats': 'True'}
[0m19:13:17.890312 [debug] [MainThread]: Sending event: {'category': 'dbt', 'action': 'project_id', 'label': 'f95027d2-fab5-43d3-9e5e-57e77592235a', 'context': [<snowplow_tracker.self_describing_json.SelfDescribingJson object at 0x000001723D0CDF70>]}
[0m19:13:18.000111 [debug] [MainThread]: Sending event: {'category': 'dbt', 'action': 'adapter_info', 'label': 'f95027d2-fab5-43d3-9e5e-57e77592235a', 'context': [<snowplow_tracker.self_describing_json.SelfDescribingJson object at 0x000001723E6E0530>]}
[0m19:13:18.003104 [info ] [MainThread]: Registered adapter: snowflake=1.8.4
[0m19:13:18.022115 [debug] [MainThread]: checksum: 4af21dafb485259c48497ac86b711ddb1982f3d0f1c0ca4e09356de488b753c0, vars: {}, profile: , target: , version: 1.8.7
[0m19:13:18.333536 [debug] [MainThread]: Partial parsing enabled: 0 files deleted, 0 files added, 1 files changed.
[0m19:13:18.334535 [debug] [MainThread]: Partial parsing: updated file: jaffle_shop://models\example\redshift\rs_completed_orders.sql
[0m19:13:18.577955 [debug] [MainThread]: Sending event: {'category': 'dbt', 'action': 'load_project', 'label': 'f95027d2-fab5-43d3-9e5e-57e77592235a', 'context': [<snowplow_tracker.self_describing_json.SelfDescribingJson object at 0x000001724172AC60>]}
[0m19:13:18.701798 [debug] [MainThread]: Sending event: {'category': 'dbt', 'action': 'resource_counts', 'label': 'f95027d2-fab5-43d3-9e5e-57e77592235a', 'context': [<snowplow_tracker.self_describing_json.SelfDescribingJson object at 0x0000017241AE6C00>]}
[0m19:13:18.701798 [info ] [MainThread]: Found 5 models, 4 data tests, 2 sources, 454 macros
[0m19:13:18.704246 [info ] [MainThread]: 
[0m19:13:18.705247 [debug] [MainThread]: Acquiring new snowflake connection 'master'
[0m19:13:18.706527 [debug] [ThreadPool]: Acquiring new snowflake connection 'list_snowflake_dev'
[0m19:13:18.718493 [debug] [ThreadPool]: Using snowflake connection "list_snowflake_dev"
[0m19:13:18.719490 [debug] [ThreadPool]: On list_snowflake_dev: /* {"app": "dbt", "dbt_version": "1.8.7", "profile_name": "jaffle_shop", "target_name": "snowflake_dev", "connection_name": "list_snowflake_dev"} */
show terse schemas in database snowflake_dev
    limit 10000
[0m19:13:18.719490 [debug] [ThreadPool]: Opening a new connection, currently in state init
[0m19:13:20.773034 [debug] [ThreadPool]: SQL status: SUCCESS 3 in 2.054 seconds
[0m19:13:20.775120 [debug] [ThreadPool]: On list_snowflake_dev: Close
[0m19:13:21.345273 [debug] [ThreadPool]: Acquiring new snowflake connection 'list_snowflake_dev_jaffle_shop'
[0m19:13:21.350346 [debug] [ThreadPool]: Using snowflake connection "list_snowflake_dev_jaffle_shop"
[0m19:13:21.351341 [debug] [ThreadPool]: On list_snowflake_dev_jaffle_shop: /* {"app": "dbt", "dbt_version": "1.8.7", "profile_name": "jaffle_shop", "target_name": "snowflake_dev", "connection_name": "list_snowflake_dev_jaffle_shop"} */
show objects in snowflake_dev.jaffle_shop limit 10000
[0m19:13:21.351610 [debug] [ThreadPool]: Opening a new connection, currently in state init
[0m19:13:22.947762 [debug] [ThreadPool]: SQL status: SUCCESS 0 in 1.596 seconds
[0m19:13:22.948760 [debug] [ThreadPool]: On list_snowflake_dev_jaffle_shop: Close
[0m19:13:23.501252 [debug] [MainThread]: Sending event: {'category': 'dbt', 'action': 'runnable_timing', 'label': 'f95027d2-fab5-43d3-9e5e-57e77592235a', 'context': [<snowplow_tracker.self_describing_json.SelfDescribingJson object at 0x000001723D139C10>]}
[0m19:13:23.501252 [info ] [MainThread]: Concurrency: 1 threads (target='snowflake_dev')
[0m19:13:23.502249 [info ] [MainThread]: 
[0m19:13:23.508235 [debug] [Thread-1 (]: Began running node model.jaffle_shop.sf_completed_orders
[0m19:13:23.509327 [info ] [Thread-1 (]: 1 of 1 START sql table model jaffle_shop.sf_completed_orders ................... [RUN]
[0m19:13:23.510318 [debug] [Thread-1 (]: Acquiring new snowflake connection 'model.jaffle_shop.sf_completed_orders'
[0m19:13:23.511331 [debug] [Thread-1 (]: Began compiling node model.jaffle_shop.sf_completed_orders
[0m19:13:23.518293 [debug] [Thread-1 (]: Writing injected SQL for node "model.jaffle_shop.sf_completed_orders"
[0m19:13:23.520239 [debug] [Thread-1 (]: Began executing node model.jaffle_shop.sf_completed_orders
[0m19:13:23.549480 [debug] [Thread-1 (]: Writing runtime sql for node "model.jaffle_shop.sf_completed_orders"
[0m19:13:23.551477 [debug] [Thread-1 (]: Using snowflake connection "model.jaffle_shop.sf_completed_orders"
[0m19:13:23.551477 [debug] [Thread-1 (]: On model.jaffle_shop.sf_completed_orders: /* {"app": "dbt", "dbt_version": "1.8.7", "profile_name": "jaffle_shop", "target_name": "snowflake_dev", "node_id": "model.jaffle_shop.sf_completed_orders"} */
create or replace transient table snowflake_dev.jaffle_shop.sf_completed_orders
         as
        (

select *
-- from raw.jaffle_shop.orders
from raw.jaffle_shop.orders
where status = 'completed'
        );
[0m19:13:23.552473 [debug] [Thread-1 (]: Opening a new connection, currently in state init
[0m19:13:28.117960 [debug] [Thread-1 (]: SQL status: SUCCESS 1 in 4.566 seconds
[0m19:13:28.133912 [debug] [Thread-1 (]: On model.jaffle_shop.sf_completed_orders: Close
[0m19:13:28.672918 [debug] [Thread-1 (]: Sending event: {'category': 'dbt', 'action': 'run_model', 'label': 'f95027d2-fab5-43d3-9e5e-57e77592235a', 'context': [<snowplow_tracker.self_describing_json.SelfDescribingJson object at 0x000001724066DCD0>]}
[0m19:13:28.673915 [info ] [Thread-1 (]: 1 of 1 OK created sql table model jaffle_shop.sf_completed_orders .............. [[32mSUCCESS 1[0m in 5.16s]
[0m19:13:28.675910 [debug] [Thread-1 (]: Finished running node model.jaffle_shop.sf_completed_orders
[0m19:13:28.677903 [debug] [MainThread]: Connection 'master' was properly closed.
[0m19:13:28.677903 [debug] [MainThread]: Connection 'list_snowflake_dev' was properly closed.
[0m19:13:28.678899 [debug] [MainThread]: Connection 'list_snowflake_dev_jaffle_shop' was properly closed.
[0m19:13:28.678899 [debug] [MainThread]: Connection 'model.jaffle_shop.sf_completed_orders' was properly closed.
[0m19:13:28.679896 [info ] [MainThread]: 
[0m19:13:28.680893 [info ] [MainThread]: Finished running 1 table model in 0 hours 0 minutes and 9.97 seconds (9.97s).
[0m19:13:28.681890 [debug] [MainThread]: Command end result
[0m19:13:28.788503 [info ] [MainThread]: 
[0m19:13:28.789680 [info ] [MainThread]: [32mCompleted successfully[0m
[0m19:13:28.790685 [info ] [MainThread]: 
[0m19:13:28.790685 [info ] [MainThread]: Done. PASS=1 WARN=0 ERROR=0 SKIP=0 TOTAL=1
[0m19:13:28.792772 [debug] [MainThread]: Command `dbt build` succeeded at 19:13:28.792772 after 12.21 seconds
[0m19:13:28.792772 [debug] [MainThread]: Sending event: {'category': 'dbt', 'action': 'invocation', 'label': 'end', 'context': [<snowplow_tracker.self_describing_json.SelfDescribingJson object at 0x000001723F3BB5F0>, <snowplow_tracker.self_describing_json.SelfDescribingJson object at 0x000001723F4BC9E0>, <snowplow_tracker.self_describing_json.SelfDescribingJson object at 0x000001723F24CBC0>]}
[0m19:13:28.793768 [debug] [MainThread]: Flushing usage events
[0m19:23:58.782283 [debug] [MainThread]: Sending event: {'category': 'dbt', 'action': 'invocation', 'label': 'start', 'context': [<snowplow_tracker.self_describing_json.SelfDescribingJson object at 0x00000222C22CBF80>, <snowplow_tracker.self_describing_json.SelfDescribingJson object at 0x00000222C206AAB0>, <snowplow_tracker.self_describing_json.SelfDescribingJson object at 0x00000222C206AD20>]}


============================== 19:23:58.785335 | 96724272-3825-4971-87e8-c23d7e8165b0 ==============================
[0m19:23:58.785335 [info ] [MainThread]: Running with dbt=1.8.7
[0m19:23:58.786261 [debug] [MainThread]: running dbt with arguments {'printer_width': '80', 'indirect_selection': 'eager', 'log_cache_events': 'False', 'write_json': 'True', 'partial_parse': 'True', 'cache_selected_only': 'False', 'warn_error': 'None', 'debug': 'False', 'fail_fast': 'False', 'log_path': 'C:\\Users\\prateek_saini\\dbt_project\\jaffle_shop\\logs', 'profiles_dir': 'C:\\Users\\prateek_saini\\.dbt', 'version_check': 'True', 'use_colors': 'True', 'use_experimental_parser': 'False', 'empty': 'False', 'quiet': 'False', 'no_print': 'None', 'log_format': 'default', 'invocation_command': 'dbt build -s sf_completed_orders', 'warn_error_options': 'WarnErrorOptions(include=[], exclude=[])', 'introspect': 'True', 'target_path': 'None', 'static_parser': 'True', 'send_anonymous_usage_stats': 'True'}
[0m19:23:59.254862 [debug] [MainThread]: Sending event: {'category': 'dbt', 'action': 'project_id', 'label': '96724272-3825-4971-87e8-c23d7e8165b0', 'context': [<snowplow_tracker.self_describing_json.SelfDescribingJson object at 0x00000222C3F66BA0>]}
[0m19:23:59.300800 [debug] [MainThread]: Sending event: {'category': 'dbt', 'action': 'adapter_info', 'label': '96724272-3825-4971-87e8-c23d7e8165b0', 'context': [<snowplow_tracker.self_describing_json.SelfDescribingJson object at 0x00000222C2B5F6E0>]}
[0m19:23:59.301796 [info ] [MainThread]: Registered adapter: snowflake=1.8.4
[0m19:23:59.308773 [debug] [MainThread]: checksum: 4af21dafb485259c48497ac86b711ddb1982f3d0f1c0ca4e09356de488b753c0, vars: {}, profile: , target: , version: 1.8.7
[0m19:23:59.309772 [info ] [MainThread]: Unable to do partial parsing because saved manifest not found. Starting full parse.
[0m19:23:59.311745 [debug] [MainThread]: Sending event: {'category': 'dbt', 'action': 'partial_parser', 'label': '96724272-3825-4971-87e8-c23d7e8165b0', 'context': [<snowplow_tracker.self_describing_json.SelfDescribingJson object at 0x00000222C414A9C0>]}
[0m19:24:00.460882 [debug] [MainThread]: Sending event: {'category': 'dbt', 'action': 'load_project', 'label': '96724272-3825-4971-87e8-c23d7e8165b0', 'context': [<snowplow_tracker.self_describing_json.SelfDescribingJson object at 0x00000222C53755E0>]}
[0m19:24:00.570872 [debug] [MainThread]: Sending event: {'category': 'dbt', 'action': 'resource_counts', 'label': '96724272-3825-4971-87e8-c23d7e8165b0', 'context': [<snowplow_tracker.self_describing_json.SelfDescribingJson object at 0x00000222C5442CC0>]}
[0m19:24:00.571872 [info ] [MainThread]: Found 5 models, 4 data tests, 2 sources, 454 macros
[0m19:24:00.573100 [info ] [MainThread]: 
[0m19:24:00.574332 [debug] [MainThread]: Acquiring new snowflake connection 'master'
[0m19:24:00.575876 [debug] [ThreadPool]: Acquiring new snowflake connection 'list_snowflake_dev'
[0m19:24:00.586352 [debug] [ThreadPool]: Using snowflake connection "list_snowflake_dev"
[0m19:24:00.587350 [debug] [ThreadPool]: On list_snowflake_dev: /* {"app": "dbt", "dbt_version": "1.8.7", "profile_name": "jaffle_shop", "target_name": "snowflake_dev", "connection_name": "list_snowflake_dev"} */
show terse schemas in database snowflake_dev
    limit 10000
[0m19:24:00.587350 [debug] [ThreadPool]: Opening a new connection, currently in state init
[0m19:24:04.863837 [debug] [ThreadPool]: SQL status: SUCCESS 3 in 4.276 seconds
[0m19:24:04.865911 [debug] [ThreadPool]: On list_snowflake_dev: Close
[0m19:24:05.646483 [debug] [ThreadPool]: Acquiring new snowflake connection 'list_snowflake_dev_jaffle_shop'
[0m19:24:05.652463 [debug] [ThreadPool]: Using snowflake connection "list_snowflake_dev_jaffle_shop"
[0m19:24:05.652463 [debug] [ThreadPool]: On list_snowflake_dev_jaffle_shop: /* {"app": "dbt", "dbt_version": "1.8.7", "profile_name": "jaffle_shop", "target_name": "snowflake_dev", "connection_name": "list_snowflake_dev_jaffle_shop"} */
show objects in snowflake_dev.jaffle_shop limit 10000
[0m19:24:05.652463 [debug] [ThreadPool]: Opening a new connection, currently in state init
[0m19:24:08.719439 [debug] [ThreadPool]: SQL status: SUCCESS 1 in 3.066 seconds
[0m19:24:08.721432 [debug] [ThreadPool]: On list_snowflake_dev_jaffle_shop: Close
[0m19:24:09.421147 [debug] [MainThread]: Sending event: {'category': 'dbt', 'action': 'runnable_timing', 'label': '96724272-3825-4971-87e8-c23d7e8165b0', 'context': [<snowplow_tracker.self_describing_json.SelfDescribingJson object at 0x00000222C52BE0F0>]}
[0m19:24:09.422143 [info ] [MainThread]: Concurrency: 1 threads (target='snowflake_dev')
[0m19:24:09.423140 [info ] [MainThread]: 
[0m19:24:09.427127 [debug] [Thread-1 (]: Began running node model.jaffle_shop.sf_completed_orders
[0m19:24:09.428123 [info ] [Thread-1 (]: 1 of 1 START sql table model jaffle_shop.sf_completed_orders ................... [RUN]
[0m19:24:09.429120 [debug] [Thread-1 (]: Acquiring new snowflake connection 'model.jaffle_shop.sf_completed_orders'
[0m19:24:09.430118 [debug] [Thread-1 (]: Began compiling node model.jaffle_shop.sf_completed_orders
[0m19:24:09.436099 [debug] [Thread-1 (]: Writing injected SQL for node "model.jaffle_shop.sf_completed_orders"
[0m19:24:09.440086 [debug] [Thread-1 (]: Began executing node model.jaffle_shop.sf_completed_orders
[0m19:24:09.461016 [debug] [Thread-1 (]: Writing runtime sql for node "model.jaffle_shop.sf_completed_orders"
[0m19:24:09.464003 [debug] [Thread-1 (]: Using snowflake connection "model.jaffle_shop.sf_completed_orders"
[0m19:24:09.465001 [debug] [Thread-1 (]: On model.jaffle_shop.sf_completed_orders: /* {"app": "dbt", "dbt_version": "1.8.7", "profile_name": "jaffle_shop", "target_name": "snowflake_dev", "node_id": "model.jaffle_shop.sf_completed_orders"} */
create or replace transient table snowflake_dev.jaffle_shop.sf_completed_orders
         as
        (

select *
-- from raw.jaffle_shop.orders
from raw.jaffle_shop.orders
where status = 'completed'
        );
[0m19:24:09.465001 [debug] [Thread-1 (]: Opening a new connection, currently in state init
[0m19:24:25.966455 [debug] [Thread-1 (]: SQL status: SUCCESS 1 in 16.501 seconds
[0m19:24:25.981454 [debug] [Thread-1 (]: On model.jaffle_shop.sf_completed_orders: Close
[0m19:24:26.553751 [debug] [Thread-1 (]: Sending event: {'category': 'dbt', 'action': 'run_model', 'label': '96724272-3825-4971-87e8-c23d7e8165b0', 'context': [<snowplow_tracker.self_describing_json.SelfDescribingJson object at 0x00000222C405DE50>]}
[0m19:24:26.554695 [info ] [Thread-1 (]: 1 of 1 OK created sql table model jaffle_shop.sf_completed_orders .............. [[32mSUCCESS 1[0m in 17.12s]
[0m19:24:26.555695 [debug] [Thread-1 (]: Finished running node model.jaffle_shop.sf_completed_orders
[0m19:24:26.556651 [debug] [MainThread]: Connection 'master' was properly closed.
[0m19:24:26.556651 [debug] [MainThread]: Connection 'list_snowflake_dev' was properly closed.
[0m19:24:26.557681 [debug] [MainThread]: Connection 'list_snowflake_dev_jaffle_shop' was properly closed.
[0m19:24:26.557681 [debug] [MainThread]: Connection 'model.jaffle_shop.sf_completed_orders' was properly closed.
[0m19:24:26.558679 [info ] [MainThread]: 
[0m19:24:26.558679 [info ] [MainThread]: Finished running 1 table model in 0 hours 0 minutes and 25.98 seconds (25.98s).
[0m19:24:26.559681 [debug] [MainThread]: Command end result
[0m19:24:26.584963 [info ] [MainThread]: 
[0m19:24:26.585917 [info ] [MainThread]: [32mCompleted successfully[0m
[0m19:24:26.586911 [info ] [MainThread]: 
[0m19:24:26.586911 [info ] [MainThread]: Done. PASS=1 WARN=0 ERROR=0 SKIP=0 TOTAL=1
[0m19:24:26.587911 [debug] [MainThread]: Command `dbt build` succeeded at 19:24:26.587911 after 28.02 seconds
[0m19:24:26.588907 [debug] [MainThread]: Sending event: {'category': 'dbt', 'action': 'invocation', 'label': 'end', 'context': [<snowplow_tracker.self_describing_json.SelfDescribingJson object at 0x00000222BD3AFCB0>, <snowplow_tracker.self_describing_json.SelfDescribingJson object at 0x00000222C5394B30>, <snowplow_tracker.self_describing_json.SelfDescribingJson object at 0x00000222C25149E0>]}
[0m19:24:26.588907 [debug] [MainThread]: Flushing usage events
