[0m12:06:07.180064 [debug] [MainThread]: Sending event: {'category': 'dbt', 'action': 'invocation', 'label': 'start', 'context': [<snowplow_tracker.self_describing_json.SelfDescribingJson object at 0x000001F56B2D2000>, <snowplow_tracker.self_describing_json.SelfDescribingJson object at 0x000001F56EB7D9D0>, <snowplow_tracker.self_describing_json.SelfDescribingJson object at 0x000001F56DC59CA0>]}


============================== 12:06:07.184083 | 7855d89f-48d7-4fbc-96cc-ab628958cef6 ==============================
[0m12:06:07.184083 [info ] [MainThread]: Running with dbt=1.8.7
[0m12:06:07.184083 [debug] [MainThread]: running dbt with arguments {'printer_width': '80', 'indirect_selection': 'eager', 'log_cache_events': 'False', 'write_json': 'True', 'partial_parse': 'True', 'cache_selected_only': 'False', 'profiles_dir': 'C:\\Users\\prateek_saini\\.dbt', 'version_check': 'True', 'fail_fast': 'False', 'log_path': 'logs', 'warn_error': 'None', 'debug': 'False', 'use_colors': 'True', 'use_experimental_parser': 'False', 'no_print': 'None', 'quiet': 'False', 'empty': 'None', 'warn_error_options': 'WarnErrorOptions(include=[], exclude=[])', 'invocation_command': 'dbt init jaffle_shop', 'introspect': 'True', 'static_parser': 'True', 'target_path': 'None', 'log_format': 'default', 'send_anonymous_usage_stats': 'True'}
[0m12:06:07.200120 [warn ] [MainThread]: [ConfigFolderDirectory]: Unable to parse logging event dictionary. Failed to parse dir field: expected string or bytes-like object, got 'WindowsPath'.. Dictionary: {'dir': WindowsPath('C:/Users/prateek_saini/.dbt')}
[0m12:06:07.201109 [info ] [MainThread]: Creating dbt configuration folder at 
[0m12:06:07.204058 [debug] [MainThread]: Starter project path: C:\Users\prateek_saini\AppData\Local\Programs\Python\Python312\Lib\site-packages\dbt\include\starter_project
[0m12:06:07.225760 [info ] [MainThread]: 
Your new dbt project "jaffle_shop" was created!

For more information on how to configure the profiles.yml file,
please consult the dbt documentation here:

  https://docs.getdbt.com/docs/configure-your-profile

One more thing:

Need help? Don't hesitate to reach out to us via GitHub issues or on Slack:

  https://community.getdbt.com/

Happy modeling!

[0m12:06:07.226794 [info ] [MainThread]: Setting up your profile.
[0m12:09:21.174089 [info ] [MainThread]: Profile jaffle_shop written to C:\Users\prateek_saini\.dbt\profiles.yml using target's profile_template.yml and your supplied values. Run 'dbt debug' to validate the connection.
[0m12:09:21.177284 [debug] [MainThread]: Command `dbt init` succeeded at 12:09:21.177284 after 194.18 seconds
[0m12:09:21.178270 [debug] [MainThread]: Sending event: {'category': 'dbt', 'action': 'invocation', 'label': 'end', 'context': [<snowplow_tracker.self_describing_json.SelfDescribingJson object at 0x000001F56EC72F90>, <snowplow_tracker.self_describing_json.SelfDescribingJson object at 0x000001F56E8F70E0>, <snowplow_tracker.self_describing_json.SelfDescribingJson object at 0x000001F56FB30620>]}
[0m12:09:21.179285 [debug] [MainThread]: Flushing usage events
[0m12:09:31.136799 [debug] [MainThread]: Sending event: {'category': 'dbt', 'action': 'invocation', 'label': 'start', 'context': [<snowplow_tracker.self_describing_json.SelfDescribingJson object at 0x00000239DB20F6E0>, <snowplow_tracker.self_describing_json.SelfDescribingJson object at 0x00000239DB4183E0>, <snowplow_tracker.self_describing_json.SelfDescribingJson object at 0x00000239DA74ED20>]}


============================== 12:09:31.140414 | 6e5e7a87-5268-4eae-ad90-161c462c64db ==============================
[0m12:09:31.140414 [info ] [MainThread]: Running with dbt=1.8.7
[0m12:09:31.141601 [debug] [MainThread]: running dbt with arguments {'printer_width': '80', 'indirect_selection': 'eager', 'log_cache_events': 'False', 'write_json': 'True', 'partial_parse': 'True', 'cache_selected_only': 'False', 'warn_error': 'None', 'version_check': 'True', 'profiles_dir': 'C:\\Users\\prateek_saini\\.dbt', 'log_path': 'logs', 'fail_fast': 'False', 'debug': 'False', 'use_colors': 'True', 'use_experimental_parser': 'False', 'empty': 'None', 'quiet': 'False', 'no_print': 'None', 'warn_error_options': 'WarnErrorOptions(include=[], exclude=[])', 'invocation_command': 'dbt debug', 'static_parser': 'True', 'introspect': 'True', 'target_path': 'None', 'log_format': 'default', 'send_anonymous_usage_stats': 'True'}
[0m12:09:31.160472 [info ] [MainThread]: dbt version: 1.8.7
[0m12:09:31.161468 [info ] [MainThread]: python version: 3.12.7
[0m12:09:31.162466 [info ] [MainThread]: python path: C:\Users\prateek_saini\AppData\Local\Programs\Python\Python312\python.exe
[0m12:09:31.162466 [info ] [MainThread]: os info: Windows-11-10.0.22631-SP0
[0m12:09:31.633984 [info ] [MainThread]: Using profiles dir at C:\Users\prateek_saini\.dbt
[0m12:09:31.635025 [info ] [MainThread]: Using profiles.yml file at C:\Users\prateek_saini\.dbt\profiles.yml
[0m12:09:31.635978 [info ] [MainThread]: Using dbt_project.yml file at C:\Users\prateek_saini\jaffle_shop\dbt_project.yml
[0m12:09:31.637970 [info ] [MainThread]: adapter type: snowflake
[0m12:09:31.637970 [info ] [MainThread]: adapter version: 1.8.4
[0m12:09:31.638967 [info ] [MainThread]: Configuration:
[0m12:09:31.640054 [info ] [MainThread]:   profiles.yml file [[32mOK found and valid[0m]
[0m12:09:31.641000 [info ] [MainThread]:   dbt_project.yml file [[31mERROR not found[0m]
[0m12:09:31.641957 [info ] [MainThread]: Required dependencies:
[0m12:09:31.642955 [debug] [MainThread]: Executing "git --help"
[0m12:09:31.751862 [debug] [MainThread]: STDOUT: "b"usage: git [-v | --version] [-h | --help] [-C <path>] [-c <name>=<value>]\n           [--exec-path[=<path>]] [--html-path] [--man-path] [--info-path]\n           [-p | --paginate | -P | --no-pager] [--no-replace-objects] [--no-lazy-fetch]\n           [--no-optional-locks] [--no-advice] [--bare] [--git-dir=<path>]\n           [--work-tree=<path>] [--namespace=<name>] [--config-env=<name>=<envvar>]\n           <command> [<args>]\n\nThese are common Git commands used in various situations:\n\nstart a working area (see also: git help tutorial)\n   clone     Clone a repository into a new directory\n   init      Create an empty Git repository or reinitialize an existing one\n\nwork on the current change (see also: git help everyday)\n   add       Add file contents to the index\n   mv        Move or rename a file, a directory, or a symlink\n   restore   Restore working tree files\n   rm        Remove files from the working tree and from the index\n\nexamine the history and state (see also: git help revisions)\n   bisect    Use binary search to find the commit that introduced a bug\n   diff      Show changes between commits, commit and working tree, etc\n   grep      Print lines matching a pattern\n   log       Show commit logs\n   show      Show various types of objects\n   status    Show the working tree status\n\ngrow, mark and tweak your common history\n   branch    List, create, or delete branches\n   commit    Record changes to the repository\n   merge     Join two or more development histories together\n   rebase    Reapply commits on top of another base tip\n   reset     Reset current HEAD to the specified state\n   switch    Switch branches\n   tag       Create, list, delete or verify a tag object signed with GPG\n\ncollaborate (see also: git help workflows)\n   fetch     Download objects and refs from another repository\n   pull      Fetch from and integrate with another repository or a local branch\n   push      Update remote refs along with associated objects\n\n'git help -a' and 'git help -g' list available subcommands and some\nconcept guides. See 'git help <command>' or 'git help <concept>'\nto read about a specific subcommand or concept.\nSee 'git help git' for an overview of the system.\n""
[0m12:09:31.752857 [debug] [MainThread]: STDERR: "b''"
[0m12:09:31.752857 [info ] [MainThread]:  - git [[32mOK found[0m]

[0m12:09:31.753856 [info ] [MainThread]: Connection:
[0m12:09:31.754849 [info ] [MainThread]:   account: seb15947.us-east-1
[0m12:09:31.754849 [info ] [MainThread]:   user: L5test
[0m12:09:31.755848 [info ] [MainThread]:   database: raw
[0m12:09:31.756844 [info ] [MainThread]:   warehouse: compute_wh
[0m12:09:31.756844 [info ] [MainThread]:   role: accountadmin
[0m12:09:31.756844 [info ] [MainThread]:   schema: jaffle_shop
[0m12:09:31.757841 [info ] [MainThread]:   authenticator: None
[0m12:09:31.757841 [info ] [MainThread]:   oauth_client_id: None
[0m12:09:31.758843 [info ] [MainThread]:   query_tag: None
[0m12:09:31.758843 [info ] [MainThread]:   client_session_keep_alive: False
[0m12:09:31.759839 [info ] [MainThread]:   host: None
[0m12:09:31.760836 [info ] [MainThread]:   port: None
[0m12:09:31.760836 [info ] [MainThread]:   proxy_host: None
[0m12:09:31.761836 [info ] [MainThread]:   proxy_port: None
[0m12:09:31.762830 [info ] [MainThread]:   protocol: None
[0m12:09:31.762830 [info ] [MainThread]:   connect_retries: 1
[0m12:09:31.763826 [info ] [MainThread]:   connect_timeout: None
[0m12:09:31.763826 [info ] [MainThread]:   retry_on_database_errors: False
[0m12:09:31.764823 [info ] [MainThread]:   retry_all: False
[0m12:09:31.764823 [info ] [MainThread]:   insecure_mode: False
[0m12:09:31.764823 [info ] [MainThread]:   reuse_connections: None
[0m12:09:31.765820 [info ] [MainThread]: Registered adapter: snowflake=1.8.4
[0m12:09:31.766817 [debug] [MainThread]: Acquiring new snowflake connection 'debug'
[0m12:09:31.767813 [debug] [MainThread]: Using snowflake connection "debug"
[0m12:09:31.767813 [debug] [MainThread]: On debug: select 1 as id
[0m12:09:31.767813 [debug] [MainThread]: Opening a new connection, currently in state init
[0m12:09:33.554210 [debug] [MainThread]: SQL status: SUCCESS 1 in 1.786 seconds
[0m12:09:33.556210 [debug] [MainThread]: On debug: Close
[0m12:09:34.141905 [info ] [MainThread]:   Connection test: [[32mOK connection ok[0m]

[0m12:09:34.143826 [info ] [MainThread]: [31m1 check failed:[0m
[0m12:09:34.144822 [info ] [MainThread]: Project loading failed for the following reason:
 project path <C:\Users\prateek_saini\jaffle_shop\dbt_project.yml> not found

[0m12:09:34.146883 [debug] [MainThread]: Command `dbt debug` failed at 12:09:34.146883 after 3.26 seconds
[0m12:09:34.146883 [debug] [MainThread]: Connection 'debug' was properly closed.
[0m12:09:34.147891 [debug] [MainThread]: Sending event: {'category': 'dbt', 'action': 'invocation', 'label': 'end', 'context': [<snowplow_tracker.self_describing_json.SelfDescribingJson object at 0x00000239DB20F6E0>, <snowplow_tracker.self_describing_json.SelfDescribingJson object at 0x00000239DB5F8320>, <snowplow_tracker.self_describing_json.SelfDescribingJson object at 0x00000239D8909280>]}
[0m12:09:34.147891 [debug] [MainThread]: Flushing usage events
[0m12:13:30.737403 [debug] [MainThread]: Sending event: {'category': 'dbt', 'action': 'invocation', 'label': 'start', 'context': [<snowplow_tracker.self_describing_json.SelfDescribingJson object at 0x0000025C4A0BA1E0>, <snowplow_tracker.self_describing_json.SelfDescribingJson object at 0x0000025C4CC24200>, <snowplow_tracker.self_describing_json.SelfDescribingJson object at 0x0000025C4C2FC110>]}


============================== 12:13:30.740427 | 3509bffb-c740-4fec-865d-3476c0917c94 ==============================
[0m12:13:30.740427 [info ] [MainThread]: Running with dbt=1.8.7
[0m12:13:30.741379 [debug] [MainThread]: running dbt with arguments {'printer_width': '80', 'indirect_selection': 'eager', 'write_json': 'True', 'log_cache_events': 'False', 'partial_parse': 'True', 'cache_selected_only': 'False', 'warn_error': 'None', 'fail_fast': 'False', 'version_check': 'True', 'log_path': 'logs', 'profiles_dir': 'C:\\Users\\prateek_saini\\.dbt', 'debug': 'False', 'use_colors': 'True', 'use_experimental_parser': 'False', 'no_print': 'None', 'quiet': 'False', 'empty': 'None', 'warn_error_options': 'WarnErrorOptions(include=[], exclude=[])', 'introspect': 'True', 'invocation_command': 'dbt debug', 'static_parser': 'True', 'target_path': 'None', 'log_format': 'default', 'send_anonymous_usage_stats': 'True'}
[0m12:13:30.754369 [info ] [MainThread]: dbt version: 1.8.7
[0m12:13:30.755410 [info ] [MainThread]: python version: 3.12.7
[0m12:13:30.756128 [info ] [MainThread]: python path: C:\Users\prateek_saini\AppData\Local\Programs\Python\Python312\python.exe
[0m12:13:30.756821 [info ] [MainThread]: os info: Windows-11-10.0.22631-SP0
[0m12:13:31.106667 [info ] [MainThread]: Using profiles dir at C:\Users\prateek_saini\.dbt
[0m12:13:31.107780 [info ] [MainThread]: Using profiles.yml file at C:\Users\prateek_saini\.dbt\profiles.yml
[0m12:13:31.108609 [info ] [MainThread]: Using dbt_project.yml file at C:\Users\prateek_saini\dbt_project\dbt_project.yml
[0m12:13:31.109297 [info ] [MainThread]: adapter type: snowflake
[0m12:13:31.110612 [info ] [MainThread]: adapter version: 1.8.4
[0m12:13:31.111096 [info ] [MainThread]: Configuration:
[0m12:13:31.111767 [info ] [MainThread]:   profiles.yml file [[32mOK found and valid[0m]
[0m12:13:31.112447 [info ] [MainThread]:   dbt_project.yml file [[31mERROR not found[0m]
[0m12:13:31.113113 [info ] [MainThread]: Required dependencies:
[0m12:13:31.113778 [debug] [MainThread]: Executing "git --help"
[0m12:13:31.177376 [debug] [MainThread]: STDOUT: "b"usage: git [-v | --version] [-h | --help] [-C <path>] [-c <name>=<value>]\n           [--exec-path[=<path>]] [--html-path] [--man-path] [--info-path]\n           [-p | --paginate | -P | --no-pager] [--no-replace-objects] [--no-lazy-fetch]\n           [--no-optional-locks] [--no-advice] [--bare] [--git-dir=<path>]\n           [--work-tree=<path>] [--namespace=<name>] [--config-env=<name>=<envvar>]\n           <command> [<args>]\n\nThese are common Git commands used in various situations:\n\nstart a working area (see also: git help tutorial)\n   clone     Clone a repository into a new directory\n   init      Create an empty Git repository or reinitialize an existing one\n\nwork on the current change (see also: git help everyday)\n   add       Add file contents to the index\n   mv        Move or rename a file, a directory, or a symlink\n   restore   Restore working tree files\n   rm        Remove files from the working tree and from the index\n\nexamine the history and state (see also: git help revisions)\n   bisect    Use binary search to find the commit that introduced a bug\n   diff      Show changes between commits, commit and working tree, etc\n   grep      Print lines matching a pattern\n   log       Show commit logs\n   show      Show various types of objects\n   status    Show the working tree status\n\ngrow, mark and tweak your common history\n   branch    List, create, or delete branches\n   commit    Record changes to the repository\n   merge     Join two or more development histories together\n   rebase    Reapply commits on top of another base tip\n   reset     Reset current HEAD to the specified state\n   switch    Switch branches\n   tag       Create, list, delete or verify a tag object signed with GPG\n\ncollaborate (see also: git help workflows)\n   fetch     Download objects and refs from another repository\n   pull      Fetch from and integrate with another repository or a local branch\n   push      Update remote refs along with associated objects\n\n'git help -a' and 'git help -g' list available subcommands and some\nconcept guides. See 'git help <command>' or 'git help <concept>'\nto read about a specific subcommand or concept.\nSee 'git help git' for an overview of the system.\n""
[0m12:13:31.177376 [debug] [MainThread]: STDERR: "b''"
[0m12:13:31.178374 [info ] [MainThread]:  - git [[32mOK found[0m]

[0m12:13:31.178374 [info ] [MainThread]: Connection:
[0m12:13:31.179370 [info ] [MainThread]:   account: seb15947.us-east-1
[0m12:13:31.179370 [info ] [MainThread]:   user: L5test
[0m12:13:31.180368 [info ] [MainThread]:   database: raw
[0m12:13:31.180368 [info ] [MainThread]:   warehouse: compute_wh
[0m12:13:31.180368 [info ] [MainThread]:   role: accountadmin
[0m12:13:31.181364 [info ] [MainThread]:   schema: jaffle_shop
[0m12:13:31.181364 [info ] [MainThread]:   authenticator: None
[0m12:13:31.182508 [info ] [MainThread]:   oauth_client_id: None
[0m12:13:31.183359 [info ] [MainThread]:   query_tag: None
[0m12:13:31.183359 [info ] [MainThread]:   client_session_keep_alive: False
[0m12:13:31.184368 [info ] [MainThread]:   host: None
[0m12:13:31.185363 [info ] [MainThread]:   port: None
[0m12:13:31.185363 [info ] [MainThread]:   proxy_host: None
[0m12:13:31.186642 [info ] [MainThread]:   proxy_port: None
[0m12:13:31.187692 [info ] [MainThread]:   protocol: None
[0m12:13:31.187692 [info ] [MainThread]:   connect_retries: 1
[0m12:13:31.188648 [info ] [MainThread]:   connect_timeout: None
[0m12:13:31.188648 [info ] [MainThread]:   retry_on_database_errors: False
[0m12:13:31.189748 [info ] [MainThread]:   retry_all: False
[0m12:13:31.189748 [info ] [MainThread]:   insecure_mode: False
[0m12:13:31.190791 [info ] [MainThread]:   reuse_connections: None
[0m12:13:31.191913 [info ] [MainThread]: Registered adapter: snowflake=1.8.4
[0m12:13:31.192642 [debug] [MainThread]: Acquiring new snowflake connection 'debug'
[0m12:13:31.193738 [debug] [MainThread]: Using snowflake connection "debug"
[0m12:13:31.193738 [debug] [MainThread]: On debug: select 1 as id
[0m12:13:31.193738 [debug] [MainThread]: Opening a new connection, currently in state init
[0m12:13:32.811322 [debug] [MainThread]: SQL status: SUCCESS 1 in 1.617 seconds
[0m12:13:32.813316 [debug] [MainThread]: On debug: Close
[0m12:13:33.386888 [info ] [MainThread]:   Connection test: [[32mOK connection ok[0m]

[0m12:13:33.388803 [info ] [MainThread]: [31m1 check failed:[0m
[0m12:13:33.389184 [info ] [MainThread]: Project loading failed for the following reason:
 project path <C:\Users\prateek_saini\dbt_project\dbt_project.yml> not found

[0m12:13:33.390256 [debug] [MainThread]: Command `dbt debug` failed at 12:13:33.390256 after 2.85 seconds
[0m12:13:33.391268 [debug] [MainThread]: Connection 'debug' was properly closed.
[0m12:13:33.391268 [debug] [MainThread]: Sending event: {'category': 'dbt', 'action': 'invocation', 'label': 'end', 'context': [<snowplow_tracker.self_describing_json.SelfDescribingJson object at 0x0000025C4A0BA1E0>, <snowplow_tracker.self_describing_json.SelfDescribingJson object at 0x0000025C4E028740>, <snowplow_tracker.self_describing_json.SelfDescribingJson object at 0x0000025C4C6717C0>]}
[0m12:13:33.391268 [debug] [MainThread]: Flushing usage events
